<?xml version="1.0" encoding="UTF-8"?>
<testng-results ignored="0" total="2" passed="2" failed="0" skipped="0">
  <reporter-output>
  </reporter-output>
  <suite started-at="2022-05-31T15:22:14 IST" name="Suite" finished-at="2022-05-31T15:22:19 IST" duration-ms="4169">
    <groups>
    </groups>
    <test started-at="2022-05-31T15:22:14 IST" name="Test" finished-at="2022-05-31T15:22:19 IST" duration-ms="4169">
      <class name="Speed.Logout">
        <test-method signature="Logoutt(org.testng.ITestContext)[pri:0, instance:Speed.Logout@ea6147e]" started-at="2022-05-31T15:22:17 IST" name="Logoutt" finished-at="2022-05-31T15:22:19 IST" duration-ms="1115" status="PASS">
          <params>
            <param index="0">
              <value>
                <![CDATA[org.testng.TestRunner@350aac89]]>
              </value>
            </param>
          </params>
          <reporter-output>
          </reporter-output>
        </test-method> <!-- Logoutt -->
      </class> <!-- Speed.Logout -->
      <class name="Speed.Decentralize">
        <test-method signature="login(org.testng.ITestContext)[pri:0, instance:Speed.Decentralize@15bbf42f]" started-at="2022-05-31T15:22:14 IST" name="login" finished-at="2022-05-31T15:22:17 IST" duration-ms="3021" status="PASS">
          <params>
            <param index="0">
              <value>
                <![CDATA[org.testng.TestRunner@350aac89]]>
              </value>
            </param>
          </params>
          <reporter-output>
          </reporter-output>
        </test-method> <!-- login -->
      </class> <!-- Speed.Decentralize -->
    </test> <!-- Test -->
  </suite> <!-- Suite -->
</testng-results>
